2017-12-04 18:41:34,839 0    [http-nio-8080-exec-4] INFO  org.hibernate.annotations.common.Version  - HCANN000001: Hibernate Commons Annotations {4.0.5.Final}
2017-12-04 18:41:34,897 58   [http-nio-8080-exec-4] INFO  org.hibernate.Version  - HHH000412: Hibernate Core {4.3.11.Final}
2017-12-04 18:41:34,907 68   [http-nio-8080-exec-4] INFO  org.hibernate.cfg.Environment  - HHH000206: hibernate.properties not found
2017-12-04 18:41:34,914 75   [http-nio-8080-exec-4] INFO  org.hibernate.cfg.Environment  - HHH000021: Bytecode provider name : javassist
2017-12-04 18:41:35,038 199  [http-nio-8080-exec-4] INFO  org.hibernate.cfg.Configuration  - HHH000043: Configuring from resource: /hibernate.cfg.xml
2017-12-04 18:41:35,041 202  [http-nio-8080-exec-4] INFO  org.hibernate.cfg.Configuration  - HHH000040: Configuration resource: /hibernate.cfg.xml
2017-12-04 18:41:35,428 589  [http-nio-8080-exec-4] INFO  org.hibernate.cfg.Configuration  - HHH000041: Configured SessionFactory: null
2017-12-04 18:41:36,112 1273 [http-nio-8080-exec-4] INFO  org.hibernate.c3p0.internal.C3P0ConnectionProvider  - HHH010002: C3P0 using driver: com.mysql.jdbc.Driver at URL: jdbc:mysql://localhost:3306/smdb
2017-12-04 18:41:36,113 1274 [http-nio-8080-exec-4] INFO  org.hibernate.c3p0.internal.C3P0ConnectionProvider  - HHH000046: Connection properties: {user=root, password=****}
2017-12-04 18:41:36,113 1274 [http-nio-8080-exec-4] INFO  org.hibernate.c3p0.internal.C3P0ConnectionProvider  - HHH000006: Autocommit mode: false
2017-12-04 18:41:36,169 1330 [http-nio-8080-exec-4] INFO  com.mchange.v2.log.MLog  - MLog clients using log4j logging.
2017-12-04 18:41:36,600 1761 [http-nio-8080-exec-4] INFO  com.mchange.v2.c3p0.C3P0Registry  - Initializing c3p0-0.9.2.1 [built 20-March-2013 10:47:27 +0000; debug? true; trace: 10]
2017-12-04 18:41:37,025 2186 [http-nio-8080-exec-4] INFO  com.mchange.v2.c3p0.impl.AbstractPoolBackedDataSource  - Initializing c3p0 pool... com.mchange.v2.c3p0.PoolBackedDataSource@1c7518e7 [ connectionPoolDataSource -> com.mchange.v2.c3p0.WrapperConnectionPoolDataSource@abd8e12b [ acquireIncrement -> 3, acquireRetryAttempts -> 30, acquireRetryDelay -> 1000, autoCommitOnClose -> false, automaticTestTable -> null, breakAfterAcquireFailure -> false, checkoutTimeout -> 0, connectionCustomizerClassName -> null, connectionTesterClassName -> com.mchange.v2.c3p0.impl.DefaultConnectionTester, debugUnreturnedConnectionStackTraces -> false, factoryClassLocation -> null, forceIgnoreUnresolvedTransactions -> false, identityToken -> z8kfsx9sa0suw2ouqqmg|7d17c51, idleConnectionTestPeriod -> 300, initialPoolSize -> 5, maxAdministrativeTaskTime -> 0, maxConnectionAge -> 0, maxIdleTime -> 3000, maxIdleTimeExcessConnections -> 0, maxPoolSize -> 20, maxStatements -> 50, maxStatementsPerConnection -> 0, minPoolSize -> 5, nestedDataSource -> com.mchange.v2.c3p0.DriverManagerDataSource@64c2c2fa [ description -> null, driverClass -> null, factoryClassLocation -> null, identityToken -> z8kfsx9sa0suw2ouqqmg|53f5b44b, jdbcUrl -> jdbc:mysql://localhost:3306/smdb, properties -> {user=******, password=******} ], preferredTestQuery -> null, propertyCycle -> 0, statementCacheNumDeferredCloseThreads -> 0, testConnectionOnCheckin -> false, testConnectionOnCheckout -> false, unreturnedConnectionTimeout -> 0, usesTraditionalReflectiveProxies -> false; userOverrides: {} ], dataSourceName -> null, factoryClassLocation -> null, identityToken -> z8kfsx9sa0suw2ouqqmg|4bac0bdb, numHelperThreads -> 3 ]
2017-12-04 18:41:38,586 3747 [http-nio-8080-exec-4] INFO  org.hibernate.dialect.Dialect  - HHH000400: Using dialect: org.hibernate.dialect.MySQL5Dialect
2017-12-04 18:41:38,644 3805 [http-nio-8080-exec-4] INFO  org.hibernate.engine.jdbc.internal.LobCreatorBuilder  - HHH000424: Disabling contextual LOB creation as createClob() method threw error : java.lang.reflect.InvocationTargetException
2017-12-04 18:41:39,450 4611 [http-nio-8080-exec-4] WARN  org.hibernate.mapping.RootClass  - HHH000038: Composite-id class does not override equals(): edu.matc.entity.UserRole
2017-12-04 18:41:39,451 4612 [http-nio-8080-exec-4] WARN  org.hibernate.mapping.RootClass  - HHH000039: Composite-id class does not override hashCode(): edu.matc.entity.UserRole
2017-12-04 18:41:39,497 4658 [http-nio-8080-exec-4] INFO  org.hibernate.engine.transaction.internal.TransactionFactoryInitiator  - HHH000399: Using default transaction strategy (direct JDBC transactions)
2017-12-04 18:41:39,540 4701 [http-nio-8080-exec-4] INFO  org.hibernate.hql.internal.ast.ASTQueryTranslatorFactory  - HHH000397: Using ASTQueryTranslatorFactory
2017-12-04 19:08:03,623 0    [http-nio-8080-exec-5] INFO  org.hibernate.annotations.common.Version  - HCANN000001: Hibernate Commons Annotations {4.0.5.Final}
2017-12-04 19:08:03,684 61   [http-nio-8080-exec-5] INFO  org.hibernate.Version  - HHH000412: Hibernate Core {4.3.11.Final}
2017-12-04 19:08:03,720 97   [http-nio-8080-exec-5] INFO  org.hibernate.cfg.Environment  - HHH000206: hibernate.properties not found
2017-12-04 19:08:03,732 109  [http-nio-8080-exec-5] INFO  org.hibernate.cfg.Environment  - HHH000021: Bytecode provider name : javassist
2017-12-04 19:08:03,978 355  [http-nio-8080-exec-5] INFO  org.hibernate.cfg.Configuration  - HHH000043: Configuring from resource: /hibernate.cfg.xml
2017-12-04 19:08:03,981 358  [http-nio-8080-exec-5] INFO  org.hibernate.cfg.Configuration  - HHH000040: Configuration resource: /hibernate.cfg.xml
2017-12-04 19:08:04,421 798  [http-nio-8080-exec-5] INFO  org.hibernate.cfg.Configuration  - HHH000041: Configured SessionFactory: null
2017-12-04 19:08:05,130 1507 [http-nio-8080-exec-5] INFO  org.hibernate.c3p0.internal.C3P0ConnectionProvider  - HHH010002: C3P0 using driver: com.mysql.jdbc.Driver at URL: jdbc:mysql://localhost:3306/smdb
2017-12-04 19:08:05,130 1507 [http-nio-8080-exec-5] INFO  org.hibernate.c3p0.internal.C3P0ConnectionProvider  - HHH000046: Connection properties: {user=root, password=****}
2017-12-04 19:08:05,131 1508 [http-nio-8080-exec-5] INFO  org.hibernate.c3p0.internal.C3P0ConnectionProvider  - HHH000006: Autocommit mode: false
2017-12-04 19:08:05,387 1764 [http-nio-8080-exec-5] INFO  com.mchange.v2.log.MLog  - MLog clients using log4j logging.
2017-12-04 19:08:05,825 2202 [http-nio-8080-exec-5] INFO  com.mchange.v2.c3p0.C3P0Registry  - Initializing c3p0-0.9.2.1 [built 20-March-2013 10:47:27 +0000; debug? true; trace: 10]
2017-12-04 19:08:06,235 2612 [http-nio-8080-exec-5] INFO  com.mchange.v2.c3p0.impl.AbstractPoolBackedDataSource  - Initializing c3p0 pool... com.mchange.v2.c3p0.PoolBackedDataSource@ad8a6749 [ connectionPoolDataSource -> com.mchange.v2.c3p0.WrapperConnectionPoolDataSource@d33482f3 [ acquireIncrement -> 3, acquireRetryAttempts -> 30, acquireRetryDelay -> 1000, autoCommitOnClose -> false, automaticTestTable -> null, breakAfterAcquireFailure -> false, checkoutTimeout -> 0, connectionCustomizerClassName -> null, connectionTesterClassName -> com.mchange.v2.c3p0.impl.DefaultConnectionTester, debugUnreturnedConnectionStackTraces -> false, factoryClassLocation -> null, forceIgnoreUnresolvedTransactions -> false, identityToken -> z8kfsx9sa1qx6xneq4wc|7151950e, idleConnectionTestPeriod -> 300, initialPoolSize -> 5, maxAdministrativeTaskTime -> 0, maxConnectionAge -> 0, maxIdleTime -> 3000, maxIdleTimeExcessConnections -> 0, maxPoolSize -> 20, maxStatements -> 50, maxStatementsPerConnection -> 0, minPoolSize -> 5, nestedDataSource -> com.mchange.v2.c3p0.DriverManagerDataSource@bf418e64 [ description -> null, driverClass -> null, factoryClassLocation -> null, identityToken -> z8kfsx9sa1qx6xneq4wc|20d2304a, jdbcUrl -> jdbc:mysql://localhost:3306/smdb, properties -> {user=******, password=******} ], preferredTestQuery -> null, propertyCycle -> 0, statementCacheNumDeferredCloseThreads -> 0, testConnectionOnCheckin -> false, testConnectionOnCheckout -> false, unreturnedConnectionTimeout -> 0, usesTraditionalReflectiveProxies -> false; userOverrides: {} ], dataSourceName -> null, factoryClassLocation -> null, identityToken -> z8kfsx9sa1qx6xneq4wc|6d7637ff, numHelperThreads -> 3 ]
2017-12-04 19:08:07,611 3988 [http-nio-8080-exec-5] INFO  org.hibernate.dialect.Dialect  - HHH000400: Using dialect: org.hibernate.dialect.MySQL5Dialect
2017-12-04 19:08:07,677 4054 [http-nio-8080-exec-5] INFO  org.hibernate.engine.jdbc.internal.LobCreatorBuilder  - HHH000424: Disabling contextual LOB creation as createClob() method threw error : java.lang.reflect.InvocationTargetException
2017-12-04 19:08:08,700 5077 [http-nio-8080-exec-5] WARN  org.hibernate.mapping.RootClass  - HHH000038: Composite-id class does not override equals(): edu.matc.entity.UserRole
2017-12-04 19:08:08,705 5082 [http-nio-8080-exec-5] WARN  org.hibernate.mapping.RootClass  - HHH000039: Composite-id class does not override hashCode(): edu.matc.entity.UserRole
2017-12-04 19:08:08,774 5151 [http-nio-8080-exec-5] INFO  org.hibernate.engine.transaction.internal.TransactionFactoryInitiator  - HHH000399: Using default transaction strategy (direct JDBC transactions)
2017-12-04 19:08:08,802 5179 [http-nio-8080-exec-5] INFO  org.hibernate.hql.internal.ast.ASTQueryTranslatorFactory  - HHH000397: Using ASTQueryTranslatorFactory
2017-12-04 19:13:35,700 332077 [http-nio-8080-exec-5] ERROR edu.matc.controller.PerformMovieSearch  - Error while attempting to search for movie keyword 55
javax.ws.rs.NotAuthorizedException: HTTP 401 Unauthorized
	at sun.reflect.NativeConstructorAccessorImpl.newInstance0(Native Method)
	at sun.reflect.NativeConstructorAccessorImpl.newInstance(NativeConstructorAccessorImpl.java:62)
	at sun.reflect.DelegatingConstructorAccessorImpl.newInstance(DelegatingConstructorAccessorImpl.java:45)
	at java.lang.reflect.Constructor.newInstance(Constructor.java:423)
	at org.apache.cxf.jaxrs.client.AbstractClient.convertToWebApplicationException(AbstractClient.java:504)
	at org.apache.cxf.jaxrs.client.WebClient.doInvoke(WebClient.java:897)
	at org.apache.cxf.jaxrs.client.WebClient.doInvoke(WebClient.java:865)
	at org.apache.cxf.jaxrs.client.WebClient.invoke(WebClient.java:428)
	at org.apache.cxf.jaxrs.client.WebClient$SyncInvokerImpl.method(WebClient.java:1620)
	at org.apache.cxf.jaxrs.client.WebClient$SyncInvokerImpl.get(WebClient.java:1540)
	at org.apache.cxf.jaxrs.client.spec.InvocationBuilderImpl.get(InvocationBuilderImpl.java:85)
	at edu.matc.controller.PerformMovieSearch.doPost(PerformMovieSearch.java:67)
	at javax.servlet.http.HttpServlet.service(HttpServlet.java:648)
	at javax.servlet.http.HttpServlet.service(HttpServlet.java:729)
	at org.apache.catalina.core.ApplicationFilterChain.internalDoFilter(ApplicationFilterChain.java:230)
	at org.apache.catalina.core.ApplicationFilterChain.doFilter(ApplicationFilterChain.java:165)
	at org.apache.tomcat.websocket.server.WsFilter.doFilter(WsFilter.java:52)
	at org.apache.catalina.core.ApplicationFilterChain.internalDoFilter(ApplicationFilterChain.java:192)
	at org.apache.catalina.core.ApplicationFilterChain.doFilter(ApplicationFilterChain.java:165)
	at org.apache.catalina.core.StandardWrapperValve.invoke(StandardWrapperValve.java:198)
	at org.apache.catalina.core.StandardContextValve.invoke(StandardContextValve.java:108)
	at org.apache.tomee.catalina.OpenEJBValve.invoke(OpenEJBValve.java:44)
	at org.apache.catalina.authenticator.AuthenticatorBase.invoke(AuthenticatorBase.java:522)
	at org.apache.catalina.core.StandardHostValve.invoke(StandardHostValve.java:140)
	at org.apache.catalina.valves.ErrorReportValve.invoke(ErrorReportValve.java:79)
	at org.apache.catalina.valves.AbstractAccessLogValve.invoke(AbstractAccessLogValve.java:620)
	at org.apache.catalina.core.StandardEngineValve.invoke(StandardEngineValve.java:87)
	at org.apache.catalina.connector.CoyoteAdapter.service(CoyoteAdapter.java:349)
	at org.apache.coyote.http11.Http11Processor.service(Http11Processor.java:1110)
	at org.apache.coyote.AbstractProcessorLight.process(AbstractProcessorLight.java:66)
	at org.apache.coyote.AbstractProtocol$ConnectionHandler.process(AbstractProtocol.java:785)
	at org.apache.tomcat.util.net.NioEndpoint$SocketProcessor.doRun(NioEndpoint.java:1425)
	at org.apache.tomcat.util.net.SocketProcessorBase.run(SocketProcessorBase.java:52)
	at java.util.concurrent.ThreadPoolExecutor.runWorker(ThreadPoolExecutor.java:1149)
	at java.util.concurrent.ThreadPoolExecutor$Worker.run(ThreadPoolExecutor.java:624)
	at org.apache.tomcat.util.threads.TaskThread$WrappingRunnable.run(TaskThread.java:61)
	at java.lang.Thread.run(Thread.java:748)
2017-12-04 19:14:48,076 404453 [http-nio-8080-exec-6] ERROR edu.matc.controller.PerformMovieSearch  - Error while attempting to search for movie keyword 9996
javax.ws.rs.NotAuthorizedException: HTTP 401 Unauthorized
	at sun.reflect.NativeConstructorAccessorImpl.newInstance0(Native Method)
	at sun.reflect.NativeConstructorAccessorImpl.newInstance(NativeConstructorAccessorImpl.java:62)
	at sun.reflect.DelegatingConstructorAccessorImpl.newInstance(DelegatingConstructorAccessorImpl.java:45)
	at java.lang.reflect.Constructor.newInstance(Constructor.java:423)
	at org.apache.cxf.jaxrs.client.AbstractClient.convertToWebApplicationException(AbstractClient.java:504)
	at org.apache.cxf.jaxrs.client.WebClient.doInvoke(WebClient.java:897)
	at org.apache.cxf.jaxrs.client.WebClient.doInvoke(WebClient.java:865)
	at org.apache.cxf.jaxrs.client.WebClient.invoke(WebClient.java:428)
	at org.apache.cxf.jaxrs.client.WebClient$SyncInvokerImpl.method(WebClient.java:1620)
	at org.apache.cxf.jaxrs.client.WebClient$SyncInvokerImpl.get(WebClient.java:1540)
	at org.apache.cxf.jaxrs.client.spec.InvocationBuilderImpl.get(InvocationBuilderImpl.java:85)
	at edu.matc.controller.PerformMovieSearch.doPost(PerformMovieSearch.java:67)
	at javax.servlet.http.HttpServlet.service(HttpServlet.java:648)
	at javax.servlet.http.HttpServlet.service(HttpServlet.java:729)
	at org.apache.catalina.core.ApplicationFilterChain.internalDoFilter(ApplicationFilterChain.java:230)
	at org.apache.catalina.core.ApplicationFilterChain.doFilter(ApplicationFilterChain.java:165)
	at org.apache.tomcat.websocket.server.WsFilter.doFilter(WsFilter.java:52)
	at org.apache.catalina.core.ApplicationFilterChain.internalDoFilter(ApplicationFilterChain.java:192)
	at org.apache.catalina.core.ApplicationFilterChain.doFilter(ApplicationFilterChain.java:165)
	at org.apache.catalina.core.StandardWrapperValve.invoke(StandardWrapperValve.java:198)
	at org.apache.catalina.core.StandardContextValve.invoke(StandardContextValve.java:108)
	at org.apache.tomee.catalina.OpenEJBValve.invoke(OpenEJBValve.java:44)
	at org.apache.catalina.authenticator.AuthenticatorBase.invoke(AuthenticatorBase.java:522)
	at org.apache.catalina.core.StandardHostValve.invoke(StandardHostValve.java:140)
	at org.apache.catalina.valves.ErrorReportValve.invoke(ErrorReportValve.java:79)
	at org.apache.catalina.valves.AbstractAccessLogValve.invoke(AbstractAccessLogValve.java:620)
	at org.apache.catalina.core.StandardEngineValve.invoke(StandardEngineValve.java:87)
	at org.apache.catalina.connector.CoyoteAdapter.service(CoyoteAdapter.java:349)
	at org.apache.coyote.http11.Http11Processor.service(Http11Processor.java:1110)
	at org.apache.coyote.AbstractProcessorLight.process(AbstractProcessorLight.java:66)
	at org.apache.coyote.AbstractProtocol$ConnectionHandler.process(AbstractProtocol.java:785)
	at org.apache.tomcat.util.net.NioEndpoint$SocketProcessor.doRun(NioEndpoint.java:1425)
	at org.apache.tomcat.util.net.SocketProcessorBase.run(SocketProcessorBase.java:52)
	at java.util.concurrent.ThreadPoolExecutor.runWorker(ThreadPoolExecutor.java:1149)
	at java.util.concurrent.ThreadPoolExecutor$Worker.run(ThreadPoolExecutor.java:624)
	at org.apache.tomcat.util.threads.TaskThread$WrappingRunnable.run(TaskThread.java:61)
	at java.lang.Thread.run(Thread.java:748)
2017-12-04 19:35:48,363 0    [http-nio-8080-exec-5] INFO  org.hibernate.annotations.common.Version  - HCANN000001: Hibernate Commons Annotations {4.0.5.Final}
2017-12-04 19:35:48,392 29   [http-nio-8080-exec-5] INFO  org.hibernate.Version  - HHH000412: Hibernate Core {4.3.11.Final}
2017-12-04 19:35:48,403 40   [http-nio-8080-exec-5] INFO  org.hibernate.cfg.Environment  - HHH000206: hibernate.properties not found
2017-12-04 19:35:48,414 51   [http-nio-8080-exec-5] INFO  org.hibernate.cfg.Environment  - HHH000021: Bytecode provider name : javassist
2017-12-04 19:35:48,529 166  [http-nio-8080-exec-5] INFO  org.hibernate.cfg.Configuration  - HHH000043: Configuring from resource: /hibernate.cfg.xml
2017-12-04 19:35:48,532 169  [http-nio-8080-exec-5] INFO  org.hibernate.cfg.Configuration  - HHH000040: Configuration resource: /hibernate.cfg.xml
2017-12-04 19:35:48,830 467  [http-nio-8080-exec-5] INFO  org.hibernate.cfg.Configuration  - HHH000041: Configured SessionFactory: null
2017-12-04 19:35:49,613 1250 [http-nio-8080-exec-5] INFO  org.hibernate.c3p0.internal.C3P0ConnectionProvider  - HHH010002: C3P0 using driver: com.mysql.jdbc.Driver at URL: jdbc:mysql://localhost:3306/smdb
2017-12-04 19:35:49,613 1250 [http-nio-8080-exec-5] INFO  org.hibernate.c3p0.internal.C3P0ConnectionProvider  - HHH000046: Connection properties: {user=root, password=****}
2017-12-04 19:35:49,613 1250 [http-nio-8080-exec-5] INFO  org.hibernate.c3p0.internal.C3P0ConnectionProvider  - HHH000006: Autocommit mode: false
2017-12-04 19:35:49,680 1317 [http-nio-8080-exec-5] INFO  com.mchange.v2.log.MLog  - MLog clients using log4j logging.
2017-12-04 19:35:50,031 1668 [http-nio-8080-exec-5] INFO  com.mchange.v2.c3p0.C3P0Registry  - Initializing c3p0-0.9.2.1 [built 20-March-2013 10:47:27 +0000; debug? true; trace: 10]
2017-12-04 19:35:50,368 2005 [http-nio-8080-exec-5] INFO  com.mchange.v2.c3p0.impl.AbstractPoolBackedDataSource  - Initializing c3p0 pool... com.mchange.v2.c3p0.PoolBackedDataSource@e9d95fea [ connectionPoolDataSource -> com.mchange.v2.c3p0.WrapperConnectionPoolDataSource@f4f9cebf [ acquireIncrement -> 3, acquireRetryAttempts -> 30, acquireRetryDelay -> 1000, autoCommitOnClose -> false, automaticTestTable -> null, breakAfterAcquireFailure -> false, checkoutTimeout -> 0, connectionCustomizerClassName -> null, connectionTesterClassName -> com.mchange.v2.c3p0.impl.DefaultConnectionTester, debugUnreturnedConnectionStackTraces -> false, factoryClassLocation -> null, forceIgnoreUnresolvedTransactions -> false, identityToken -> z8kfsx9sa2qlbpn8a3cm|7b02c475, idleConnectionTestPeriod -> 300, initialPoolSize -> 5, maxAdministrativeTaskTime -> 0, maxConnectionAge -> 0, maxIdleTime -> 3000, maxIdleTimeExcessConnections -> 0, maxPoolSize -> 20, maxStatements -> 50, maxStatementsPerConnection -> 0, minPoolSize -> 5, nestedDataSource -> com.mchange.v2.c3p0.DriverManagerDataSource@65d4934 [ description -> null, driverClass -> null, factoryClassLocation -> null, identityToken -> z8kfsx9sa2qlbpn8a3cm|2ec7fddf, jdbcUrl -> jdbc:mysql://localhost:3306/smdb, properties -> {user=******, password=******} ], preferredTestQuery -> null, propertyCycle -> 0, statementCacheNumDeferredCloseThreads -> 0, testConnectionOnCheckin -> false, testConnectionOnCheckout -> false, unreturnedConnectionTimeout -> 0, usesTraditionalReflectiveProxies -> false; userOverrides: {} ], dataSourceName -> null, factoryClassLocation -> null, identityToken -> z8kfsx9sa2qlbpn8a3cm|5d4f956, numHelperThreads -> 3 ]
2017-12-04 19:35:51,634 3271 [http-nio-8080-exec-5] INFO  org.hibernate.dialect.Dialect  - HHH000400: Using dialect: org.hibernate.dialect.MySQL5Dialect
2017-12-04 19:35:51,705 3342 [http-nio-8080-exec-5] INFO  org.hibernate.engine.jdbc.internal.LobCreatorBuilder  - HHH000424: Disabling contextual LOB creation as createClob() method threw error : java.lang.reflect.InvocationTargetException
2017-12-04 19:35:52,468 4105 [http-nio-8080-exec-5] WARN  org.hibernate.mapping.RootClass  - HHH000038: Composite-id class does not override equals(): edu.matc.entity.UserRole
2017-12-04 19:35:52,474 4111 [http-nio-8080-exec-5] WARN  org.hibernate.mapping.RootClass  - HHH000039: Composite-id class does not override hashCode(): edu.matc.entity.UserRole
2017-12-04 19:35:52,499 4136 [http-nio-8080-exec-5] INFO  org.hibernate.engine.transaction.internal.TransactionFactoryInitiator  - HHH000399: Using default transaction strategy (direct JDBC transactions)
2017-12-04 19:35:52,510 4147 [http-nio-8080-exec-5] INFO  org.hibernate.hql.internal.ast.ASTQueryTranslatorFactory  - HHH000397: Using ASTQueryTranslatorFactory
